<?xml version="1.0" encoding="UTF-8"?>
<!-- Generated by org.testng.reporters.JUnitXMLReporter -->
<testsuite ignored="2" hostname="DESKTOP-F5ANUFB" failures="0" tests="2" name="Test" time="0.066" errors="0" timestamp="2023-09-23T13:00:53 IST">
  <testcase classname="testbase.SampleDemoTestNG" name="sendmail" time="0.007"/>
  <testcase classname="testbase.Sample3" name="print" time="0.002"/>
  <testcase classname="testbase.SampleDemoTestNG" name="changeTheme" time="0.0">
    <ignored/>
  </testcase> <!-- changeTheme -->
  <testcase classname="testbase.SampleDemoTestNG" name="archivemail" time="0.0">
    <ignored/>
  </testcase> <!-- archivemail -->
</testsuite> <!-- Test -->
